[engineering.purdue.edu/online/programs/masters-degrees/aeronautics-astronautics.html]
[backblue.gif]
[fade.gif]
[index.html]
[www.google-analytics.com/analytics.js]
[track.gaconnector.com/gaconnector.js]
[engineering.purdue.edu/online/sites/default/files/google_tag/primary/google_tag.script6a9b.js]
[engineering.purdue.edu/online/sites/default/files/css/css_yxusRgZG6zUxY79eQmxhZ9DJ_bsW5migrQq1bB88hZw.css]
[www.purdue.edu/purdue/fonts/united-sans/united-sans.css]
[use.typekit.net/ghc8hdz.css]
[engineering.purdue.edu/online/sites/default/files/css/css_gPAXLOZyaziCPKm-2qbRzhNf7IcslnGbAzVlE9LgfXA.css]
[engineering.purdue.edu/online/core/assets/vendor/jquery/jquery.minc011.js]
[use.fontawesome.com/releases/v5.12.0/js/all.js]
[use.fontawesome.com/releases/v5.12.0/js/v4-shims.js]
[engineering.purdue.edu/online/sites/default/files/pulogo.png]
[engineering.purdue.edu/online/programs/masters-degrees/engineering-education.html]
[engineering.purdue.edu/online/programs/masters-degrees/industrial-engineering.html]
[engineering.purdue.edu/online/programs/masters-degrees/interdisciplinary-engineering.html]
[engineering.purdue.edu/online/programs/masters-degrees/semiconductors.html]
[engineering.purdue.edu/online/programs/masters-degrees/nuclear-engineering.html]
[engineering.purdue.edu/online/programs/masters-degrees/dual-degree-mse-mba.html]
[engineering.purdue.edu/online/programs/masters-degrees/aeronautics-astronautics/aae-sample-plan-of-study.html]
[engineering.purdue.edu/online/sites/default/files/images/student testimonies/Collin Drake.jpg]
[www.google.com/recaptcha/api.js]
[engineering.purdue.edu/online/themes/peo/images/motto.png]
[engineering.purdue.edu/online/core/assets/vendor/underscore/underscore-min4b17.js]
[engineering.purdue.edu/online/core/misc/polyfills/object.assign8ed2.js]
[engineering.purdue.edu/online/core/assets/vendor/jquery-once/jquery.once.min62cf.js]
[engineering.purdue.edu/online/core/misc/drupalSettingsLoader8ed2.js]
[engineering.purdue.edu/online/core/misc/drupal8ed2.js]
[engineering.purdue.edu/online/core/misc/drupal.init8ed2.js]
[engineering.purdue.edu/online/modules/contrib/datalayer/js/datalayera0fc.js]
[engineering.purdue.edu/online/modules/contrib/google_analytics/js/google_analytics8ed2.js]
[engineering.purdue.edu/online/themes/contrib/bootstrap/js/drupal.bootstrap6a9b.js]
[engineering.purdue.edu/online/themes/contrib/bootstrap/js/attributes6a9b.js]
[engineering.purdue.edu/online/themes/contrib/bootstrap/js/theme6a9b.js]
[engineering.purdue.edu/online/themes/peo/bootstrap/js/affix6a9b.js]
[engineering.purdue.edu/online/themes/peo/bootstrap/js/alert6a9b.js]
[engineering.purdue.edu/online/themes/peo/bootstrap/js/button6a9b.js]
[engineering.purdue.edu/online/themes/peo/bootstrap/js/carousel6a9b.js]
[engineering.purdue.edu/online/themes/peo/bootstrap/js/collapse6a9b.js]
[engineering.purdue.edu/online/themes/peo/bootstrap/js/dropdown6a9b.js]
[engineering.purdue.edu/online/themes/peo/bootstrap/js/modal6a9b.js]
[engineering.purdue.edu/online/themes/peo/bootstrap/js/tooltip6a9b.js]
[engineering.purdue.edu/online/themes/peo/bootstrap/js/popover6a9b.js]
[engineering.purdue.edu/online/themes/peo/bootstrap/js/scrollspy6a9b.js]
[engineering.purdue.edu/online/themes/peo/bootstrap/js/tab6a9b.js]
[engineering.purdue.edu/online/themes/peo/bootstrap/js/transition6a9b.js]
[engineering.purdue.edu/online/themes/peo/js/themes6a9b.js]
[engineering.purdue.edu/online/App/js/jwplayer/jwplayer.js]
[assets.adobedtm.com/175f7caa2b90/4904efd5fe20/launch-a8875c4dc32d.min.js]
[engineering.purdue.edu/online/core/misc/states8ed2.js]
[engineering.purdue.edu/online/themes/contrib/bootstrap/js/misc/states6a9b.js]
[engineering.purdue.edu/online/modules/contrib/webform/js/webform.states8ed2.js]
[engineering.purdue.edu/online/modules/contrib/webform/modules/webform_bootstrap/js/webform_bootstrap.states8ed2.js]
[engineering.purdue.edu/online/core/assets/vendor/js-cookie/js.cookie.minfe83.js]
[engineering.purdue.edu/online/core/misc/jquery.cookie.shim8ed2.js]
[engineering.purdue.edu/online/modules/contrib/eu_cookie_compliance/js/eu_cookie_compliance3860.js]
[engineering.purdue.edu/online/themes/contrib/bootstrap/js/popover6a9b.js]
[engineering.purdue.edu/online/themes/contrib/bootstrap/js/tooltip6a9b.js]
[engineering.purdue.edu/online/modules/contrib/we_megamenu/assets/js/we_mobile_menu3860.js]
[engineering.purdue.edu/online/modules/contrib/we_megamenu/assets/js/we_megamenu_frontend3860.js]
[engineering.purdue.edu/online/programs/masters-degrees/aeronautics-astronautics.html]
[engineering.purdue.edu/online/core/misc/tree.png]
[engineering.purdue.edu/online/core/misc/tree-bottom.png]
[engineering.purdue.edu/online/modules/contrib/eu_cookie_compliance/images/gradient.png]
[engineering.purdue.edu/online/modules/contrib/we_megamenu/assets/images/ico-arrow.png]
[engineering.purdue.edu/online/modules/contrib/we_megamenu/assets/images/ico-arrow-white.png]
[engineering.purdue.edu/online/modules/contrib/we_megamenu/assets/images/bar-bor.png]
[engineering.purdue.edu/online/sites/default/files/css/css_yxusRgZG6zUxY79eQmxhZ9DJ_bsW5migrQq1bB88hZw.css]
[www.purdue.edu/purdue/fonts/united-sans/UnitedSansRgLt.woff]
[www.purdue.edu/purdue/fonts/united-sans/UnitedSansRgMd.woff]
[www.purdue.edu/purdue/fonts/united-sans/UnitedSansRgBd.woff]
[www.purdue.edu/purdue/fonts/united-sans/UnitedSansRgHv.woff]
[www.purdue.edu/purdue/fonts/united-sans/UnitedSansCdLt.woff]
[www.purdue.edu/purdue/fonts/united-sans/UnitedSansCdMd.woff]
[www.purdue.edu/purdue/fonts/united-sans/UnitedSansCdBd.woff]
[www.purdue.edu/purdue/fonts/united-sans/UnitedSansCdHv.woff]
[www.purdue.edu/purdue/fonts/united-sans/UnitedSansExLt.woff]
[www.purdue.edu/purdue/fonts/united-sans/UnitedSansExMd.woff]
[www.purdue.edu/purdue/fonts/united-sans/UnitedSansExBd.woff]
[www.purdue.edu/purdue/fonts/united-sans/UnitedSansExHv.woff]
[www.purdue.edu/purdue/fonts/united-sans/united-sans.css]
[use.typekit.net/af/ac5663/00000000000000007735a458/30/le196]
[use.typekit.net/af/ac5663/00000000000000007735a458/30/de196]
[use.typekit.net/af/ac5663/00000000000000007735a458/30/ae196]
[use.typekit.net/af/923169/00000000000000007735a459/30/l652f]
[use.typekit.net/af/923169/00000000000000007735a459/30/d652f]
[use.typekit.net/af/923169/00000000000000007735a459/30/a652f]
[use.typekit.net/af/3135a7/00000000000000007735a460/30/l5bba]
[use.typekit.net/af/3135a7/00000000000000007735a460/30/d5bba]
[use.typekit.net/af/3135a7/00000000000000007735a460/30/a5bba]
[use.typekit.net/af/c4db78/00000000000000007735a45d/30/l49af]
[use.typekit.net/af/c4db78/00000000000000007735a45d/30/d49af]
[use.typekit.net/af/c4db78/00000000000000007735a45d/30/a49af]
[use.typekit.net/af/95a75c/00000000000000007735a46b/30/l3eab]
[use.typekit.net/af/95a75c/00000000000000007735a46b/30/d3eab]
[use.typekit.net/af/95a75c/00000000000000007735a46b/30/a3eab]
[use.typekit.net/af/634fd6/00000000000000007735a466/30/lc150]
[use.typekit.net/af/634fd6/00000000000000007735a466/30/dc150]
[use.typekit.net/af/634fd6/00000000000000007735a466/30/ac150]
[use.typekit.net/af/a58159/00000000000000007735a46c/30/l0d33]
[use.typekit.net/af/a58159/00000000000000007735a46c/30/d0d33]
[use.typekit.net/af/a58159/00000000000000007735a46c/30/a0d33]
[use.typekit.net/af/d09b6f/00000000000000007735a45a/30/laaa3]
[use.typekit.net/af/d09b6f/00000000000000007735a45a/30/daaa3]
[use.typekit.net/af/d09b6f/00000000000000007735a45a/30/aaaa3]
[use.typekit.net/af/1fc4ef/00000000000000007735a45f/30/lfdcc]
[use.typekit.net/af/1fc4ef/00000000000000007735a45f/30/dfdcc]
[use.typekit.net/af/1fc4ef/00000000000000007735a45f/30/afdcc]
[use.typekit.net/af/052e55/00000000000000007735a467/30/l1f8b]
[use.typekit.net/af/052e55/00000000000000007735a467/30/d1f8b]
[use.typekit.net/af/052e55/00000000000000007735a467/30/a1f8b]
[use.typekit.net/af/7b989c/00000000000000007735a46e/30/le265]
[use.typekit.net/af/7b989c/00000000000000007735a46e/30/de265]
[use.typekit.net/af/7b989c/00000000000000007735a46e/30/ae265]
[use.typekit.net/af/7179dc/00000000000000007735a472/30/lca71]
[use.typekit.net/af/7179dc/00000000000000007735a472/30/dca71]
[use.typekit.net/af/7179dc/00000000000000007735a472/30/aca71]
[use.typekit.net/af/ac1071/00000000000000003b9acafe/27/l7238]
[use.typekit.net/af/ac1071/00000000000000003b9acafe/27/d7238]
[use.typekit.net/af/ac1071/00000000000000003b9acafe/27/a7238]
[use.typekit.net/af/08ba15/00000000000000003b9acaff/27/lfac7]
[use.typekit.net/af/08ba15/00000000000000003b9acaff/27/dfac7]
[use.typekit.net/af/08ba15/00000000000000003b9acaff/27/afac7]
[use.typekit.net/af/6d4bb2/00000000000000003b9acafc/27/l652f]
[use.typekit.net/af/6d4bb2/00000000000000003b9acafc/27/d652f]
[use.typekit.net/af/6d4bb2/00000000000000003b9acafc/27/a652f]
[use.typekit.net/af/6ce26b/00000000000000003b9acafd/27/le265]
[use.typekit.net/af/6ce26b/00000000000000003b9acafd/27/de265]
[use.typekit.net/af/6ce26b/00000000000000003b9acafd/27/ae265]
[use.typekit.net/af/9871e5/00000000000000003b9acaf2/27/l49af]
[use.typekit.net/af/9871e5/00000000000000003b9acaf2/27/d49af]
[use.typekit.net/af/9871e5/00000000000000003b9acaf2/27/a49af]
[use.typekit.net/af/aa5b59/00000000000000003b9acaf7/27/lfdcc]
[use.typekit.net/af/aa5b59/00000000000000003b9acaf7/27/dfdcc]
[use.typekit.net/af/aa5b59/00000000000000003b9acaf7/27/afdcc]
[use.typekit.net/af/19e775/00000000000000003b9acaf3/27/l0d33]
[use.typekit.net/af/19e775/00000000000000003b9acaf3/27/d0d33]
[use.typekit.net/af/19e775/00000000000000003b9acaf3/27/a0d33]
[use.typekit.net/af/a2c82e/00000000000000003b9acaf4/27/l3eab]
[use.typekit.net/af/a2c82e/00000000000000003b9acaf4/27/d3eab]
[use.typekit.net/af/a2c82e/00000000000000003b9acaf4/27/a3eab]
[use.typekit.net/af/51b548/00000000000000003b9acaf5/27/laaa3]
[use.typekit.net/af/51b548/00000000000000003b9acaf5/27/daaa3]
[use.typekit.net/af/51b548/00000000000000003b9acaf5/27/aaaa3]
[use.typekit.net/af/829fc1/00000000000000003b9acaf8/27/le003]
[use.typekit.net/af/829fc1/00000000000000003b9acaf8/27/de003]
[use.typekit.net/af/829fc1/00000000000000003b9acaf8/27/ae003]
[use.typekit.net/af/18be85/00000000000000003b9acaf9/27/laf99]
[use.typekit.net/af/18be85/00000000000000003b9acaf9/27/daf99]
[use.typekit.net/af/18be85/00000000000000003b9acaf9/27/aaf99]
[use.typekit.net/af/46da36/00000000000000003b9acaf6/27/le196]
[use.typekit.net/af/46da36/00000000000000003b9acaf6/27/de196]
[use.typekit.net/af/46da36/00000000000000003b9acaf6/27/ae196]
[use.typekit.net/af/027dd4/00000000000000003b9acafa/27/l5bba]
[use.typekit.net/af/027dd4/00000000000000003b9acafa/27/d5bba]
[use.typekit.net/af/027dd4/00000000000000003b9acafa/27/a5bba]
[use.typekit.net/af/133267/00000000000000003b9acafb/27/l1f8b]
[use.typekit.net/af/133267/00000000000000003b9acafb/27/d1f8b]
[use.typekit.net/af/133267/00000000000000003b9acafb/27/a1f8b]
[use.typekit.net/af/b27b16/00000000000000003b9acaf0/27/l6129]
[use.typekit.net/af/b27b16/00000000000000003b9acaf0/27/d6129]
[use.typekit.net/af/b27b16/00000000000000003b9acaf0/27/a6129]
[use.typekit.net/af/3a3f7a/00000000000000003b9acaf1/27/l885e]
[use.typekit.net/af/3a3f7a/00000000000000003b9acaf1/27/d885e]
[use.typekit.net/af/3a3f7a/00000000000000003b9acaf1/27/a885e]
[use.typekit.net/af/285b22/00000000000000003b9acb00/27/lc150]
[use.typekit.net/af/285b22/00000000000000003b9acb00/27/dc150]
[use.typekit.net/af/285b22/00000000000000003b9acb00/27/ac150]
[use.typekit.net/af/59577b/00000000000000003b9acb01/27/lca71]
[use.typekit.net/af/59577b/00000000000000003b9acb01/27/dca71]
[use.typekit.net/af/59577b/00000000000000003b9acb01/27/aca71]
[use.typekit.net/af/3b3b32/00000000000000003b9acb10/27/l7238]
[use.typekit.net/af/3b3b32/00000000000000003b9acb10/27/d7238]
[use.typekit.net/af/3b3b32/00000000000000003b9acb10/27/a7238]
[use.typekit.net/af/d33b7f/00000000000000003b9acb11/27/lfac7]
[use.typekit.net/af/d33b7f/00000000000000003b9acb11/27/dfac7]
[use.typekit.net/af/d33b7f/00000000000000003b9acb11/27/afac7]
[use.typekit.net/af/69b3c5/00000000000000003b9acb0e/27/l652f]
[use.typekit.net/af/69b3c5/00000000000000003b9acb0e/27/d652f]
[use.typekit.net/af/69b3c5/00000000000000003b9acb0e/27/a652f]
[use.typekit.net/af/d99dcd/00000000000000003b9acb0f/27/le265]
[use.typekit.net/af/d99dcd/00000000000000003b9acb0f/27/de265]
[use.typekit.net/af/d99dcd/00000000000000003b9acb0f/27/ae265]
[use.typekit.net/af/4b28f4/00000000000000003b9acb08/27/le196]
[use.typekit.net/af/4b28f4/00000000000000003b9acb08/27/de196]
[use.typekit.net/af/4b28f4/00000000000000003b9acb08/27/ae196]
[use.typekit.net/af/9832ec/00000000000000003b9acb09/27/lfdcc]
[use.typekit.net/af/9832ec/00000000000000003b9acb09/27/dfdcc]
[use.typekit.net/af/9832ec/00000000000000003b9acb09/27/afdcc]
[use.typekit.net/af/44ed7f/00000000000000003b9acb04/27/l49af]
[use.typekit.net/af/44ed7f/00000000000000003b9acb04/27/d49af]
[use.typekit.net/af/44ed7f/00000000000000003b9acb04/27/a49af]
[use.typekit.net/af/d15900/00000000000000003b9acb05/27/l0d33]
[use.typekit.net/af/d15900/00000000000000003b9acb05/27/d0d33]
[use.typekit.net/af/d15900/00000000000000003b9acb05/27/a0d33]
[use.typekit.net/af/c64ee1/00000000000000003b9acb06/27/l3eab]
[use.typekit.net/af/c64ee1/00000000000000003b9acb06/27/d3eab]
[use.typekit.net/af/c64ee1/00000000000000003b9acb06/27/a3eab]
[use.typekit.net/af/451040/00000000000000003b9acb07/27/laaa3]
[use.typekit.net/af/451040/00000000000000003b9acb07/27/daaa3]
[use.typekit.net/af/451040/00000000000000003b9acb07/27/aaaa3]
[use.typekit.net/af/b1bf07/00000000000000003b9acb0a/27/le003]
[use.typekit.net/af/b1bf07/00000000000000003b9acb0a/27/de003]
[use.typekit.net/af/b1bf07/00000000000000003b9acb0a/27/ae003]
[use.typekit.net/af/08d556/00000000000000003b9acb0b/27/laf99]
[use.typekit.net/af/08d556/00000000000000003b9acb0b/27/daf99]
[use.typekit.net/af/08d556/00000000000000003b9acb0b/27/aaf99]
[use.typekit.net/af/7bebb5/00000000000000003b9acb0c/27/l5bba]
[use.typekit.net/af/7bebb5/00000000000000003b9acb0c/27/d5bba]
[use.typekit.net/af/7bebb5/00000000000000003b9acb0c/27/a5bba]
[use.typekit.net/af/c52e09/00000000000000003b9acb0d/27/l1f8b]
[use.typekit.net/af/c52e09/00000000000000003b9acb0d/27/d1f8b]
[use.typekit.net/af/c52e09/00000000000000003b9acb0d/27/a1f8b]
[use.typekit.net/af/5ed628/00000000000000003b9acb02/27/l6129]
[use.typekit.net/af/5ed628/00000000000000003b9acb02/27/d6129]
[use.typekit.net/af/5ed628/00000000000000003b9acb02/27/a6129]
[use.typekit.net/af/238b3f/00000000000000003b9acb03/27/l885e]
[use.typekit.net/af/238b3f/00000000000000003b9acb03/27/d885e]
[use.typekit.net/af/238b3f/00000000000000003b9acb03/27/a885e]
[use.typekit.net/af/b36705/00000000000000003b9acb12/27/lc150]
[use.typekit.net/af/b36705/00000000000000003b9acb12/27/dc150]
[use.typekit.net/af/b36705/00000000000000003b9acb12/27/ac150]
[use.typekit.net/af/295ca0/00000000000000003b9acb13/27/lca71]
[use.typekit.net/af/295ca0/00000000000000003b9acb13/27/dca71]
[use.typekit.net/af/295ca0/00000000000000003b9acb13/27/aca71]
[use.typekit.net/af/d53db5/00000000000000003b9acb22/27/l7238]
[use.typekit.net/af/d53db5/00000000000000003b9acb22/27/d7238]
[use.typekit.net/af/d53db5/00000000000000003b9acb22/27/a7238]
[use.typekit.net/af/370447/00000000000000003b9acb23/27/lfac7]
[use.typekit.net/af/370447/00000000000000003b9acb23/27/dfac7]
[use.typekit.net/af/370447/00000000000000003b9acb23/27/afac7]
[use.typekit.net/af/c4767b/00000000000000003b9acb20/27/l652f]
[use.typekit.net/af/c4767b/00000000000000003b9acb20/27/d652f]
[use.typekit.net/af/c4767b/00000000000000003b9acb20/27/a652f]
[use.typekit.net/af/289661/00000000000000003b9acb21/27/le265]
[use.typekit.net/af/289661/00000000000000003b9acb21/27/de265]
[use.typekit.net/af/289661/00000000000000003b9acb21/27/ae265]
[use.typekit.net/af/f2b2eb/00000000000000003b9acb1a/27/le196]
[use.typekit.net/af/f2b2eb/00000000000000003b9acb1a/27/de196]
[use.typekit.net/af/f2b2eb/00000000000000003b9acb1a/27/ae196]
[use.typekit.net/af/c830f2/00000000000000003b9acb1b/27/lfdcc]
[use.typekit.net/af/c830f2/00000000000000003b9acb1b/27/dfdcc]
[use.typekit.net/af/c830f2/00000000000000003b9acb1b/27/afdcc]
[use.typekit.net/af/bee6e3/00000000000000003b9acb17/27/l0d33]
[use.typekit.net/af/bee6e3/00000000000000003b9acb17/27/d0d33]
[use.typekit.net/af/bee6e3/00000000000000003b9acb17/27/a0d33]
[use.typekit.net/af/c2d140/00000000000000003b9acb19/27/laaa3]
[use.typekit.net/af/c2d140/00000000000000003b9acb19/27/daaa3]
[use.typekit.net/af/c2d140/00000000000000003b9acb19/27/aaaa3]
[use.typekit.net/af/ef2640/00000000000000003b9acb16/27/l49af]
[use.typekit.net/af/ef2640/00000000000000003b9acb16/27/d49af]
[use.typekit.net/af/ef2640/00000000000000003b9acb16/27/a49af]
[use.typekit.net/af/b8e425/00000000000000003b9acb1c/27/le003]
[use.typekit.net/af/b8e425/00000000000000003b9acb1c/27/de003]
[use.typekit.net/af/b8e425/00000000000000003b9acb1c/27/ae003]
[use.typekit.net/af/60ef7f/00000000000000003b9acb1d/27/laf99]
[use.typekit.net/af/60ef7f/00000000000000003b9acb1d/27/daf99]
[use.typekit.net/af/60ef7f/00000000000000003b9acb1d/27/aaf99]
[use.typekit.net/af/8d1fa8/00000000000000003b9acb1e/27/l5bba]
[use.typekit.net/af/8d1fa8/00000000000000003b9acb1e/27/d5bba]
[use.typekit.net/af/8d1fa8/00000000000000003b9acb1e/27/a5bba]
[use.typekit.net/af/08f3e7/00000000000000003b9acb1f/27/l1f8b]
[use.typekit.net/af/08f3e7/00000000000000003b9acb1f/27/d1f8b]
[use.typekit.net/af/08f3e7/00000000000000003b9acb1f/27/a1f8b]
[use.typekit.net/af/ef5e4c/00000000000000003b9acb14/27/l6129]
[use.typekit.net/af/ef5e4c/00000000000000003b9acb14/27/d6129]
[use.typekit.net/af/ef5e4c/00000000000000003b9acb14/27/a6129]
[use.typekit.net/af/13ee0b/00000000000000003b9acb15/27/l885e]
[use.typekit.net/af/13ee0b/00000000000000003b9acb15/27/d885e]
[use.typekit.net/af/13ee0b/00000000000000003b9acb15/27/a885e]
[use.typekit.net/af/1e205b/00000000000000003b9acb24/27/lc150]
[use.typekit.net/af/1e205b/00000000000000003b9acb24/27/dc150]
[use.typekit.net/af/1e205b/00000000000000003b9acb24/27/ac150]
[use.typekit.net/af/8c8c3a/00000000000000003b9acb25/27/lca71]
[use.typekit.net/af/8c8c3a/00000000000000003b9acb25/27/dca71]
[use.typekit.net/af/8c8c3a/00000000000000003b9acb25/27/aca71]
[use.typekit.net/af/ca6558/00000000000000003b9acb18/27/l3eab]
[use.typekit.net/af/ca6558/00000000000000003b9acb18/27/d3eab]
[use.typekit.net/af/ca6558/00000000000000003b9acb18/27/a3eab]
[use.typekit.net/af/9062e1/00000000000000003b9acb35/27/l7238]
[use.typekit.net/af/9062e1/00000000000000003b9acb35/27/d7238]
[use.typekit.net/af/9062e1/00000000000000003b9acb35/27/a7238]
[use.typekit.net/af/f87c0e/00000000000000003b9acb36/27/lfac7]
[use.typekit.net/af/f87c0e/00000000000000003b9acb36/27/dfac7]
[use.typekit.net/af/f87c0e/00000000000000003b9acb36/27/afac7]
[use.typekit.net/af/ee7f3d/00000000000000003b9acb33/27/l652f]
[use.typekit.net/af/ee7f3d/00000000000000003b9acb33/27/d652f]
[use.typekit.net/af/ee7f3d/00000000000000003b9acb33/27/a652f]
[use.typekit.net/af/503f80/00000000000000003b9acb34/27/le265]
[use.typekit.net/af/503f80/00000000000000003b9acb34/27/de265]
[use.typekit.net/af/503f80/00000000000000003b9acb34/27/ae265]
[use.typekit.net/af/de4cae/00000000000000003b9acb28/27/l49af]
[use.typekit.net/af/de4cae/00000000000000003b9acb28/27/d49af]
[use.typekit.net/af/de4cae/00000000000000003b9acb28/27/a49af]
[use.typekit.net/af/e49b69/00000000000000003b9acb29/27/l0d33]
[use.typekit.net/af/e49b69/00000000000000003b9acb29/27/d0d33]
[use.typekit.net/af/e49b69/00000000000000003b9acb29/27/a0d33]
[use.typekit.net/af/ca2cad/00000000000000003b9acb2b/27/l3eab]
[use.typekit.net/af/ca2cad/00000000000000003b9acb2b/27/d3eab]
[use.typekit.net/af/ca2cad/00000000000000003b9acb2b/27/a3eab]
[use.typekit.net/af/f3fdcf/00000000000000003b9acb2c/27/laaa3]
[use.typekit.net/af/f3fdcf/00000000000000003b9acb2c/27/daaa3]
[use.typekit.net/af/f3fdcf/00000000000000003b9acb2c/27/aaaa3]
[use.typekit.net/af/25e82a/00000000000000003b9acb2f/27/le003]
[use.typekit.net/af/25e82a/00000000000000003b9acb2f/27/de003]
[use.typekit.net/af/25e82a/00000000000000003b9acb2f/27/ae003]
[use.typekit.net/af/3c25df/00000000000000003b9acb30/27/laf99]
[use.typekit.net/af/3c25df/00000000000000003b9acb30/27/daf99]
[use.typekit.net/af/3c25df/00000000000000003b9acb30/27/aaf99]
[use.typekit.net/af/e60e87/00000000000000003b9acb31/27/l5bba]
[use.typekit.net/af/e60e87/00000000000000003b9acb31/27/d5bba]
[use.typekit.net/af/e60e87/00000000000000003b9acb31/27/a5bba]
[use.typekit.net/af/8bab0c/00000000000000003b9acb32/27/l1f8b]
[use.typekit.net/af/8bab0c/00000000000000003b9acb32/27/d1f8b]
[use.typekit.net/af/8bab0c/00000000000000003b9acb32/27/a1f8b]
[use.typekit.net/af/3f7b4d/00000000000000003b9acb2d/27/le196]
[use.typekit.net/af/3f7b4d/00000000000000003b9acb2d/27/de196]
[use.typekit.net/af/3f7b4d/00000000000000003b9acb2d/27/ae196]
[use.typekit.net/af/761912/00000000000000003b9acb2e/27/lfdcc]
[use.typekit.net/af/761912/00000000000000003b9acb2e/27/dfdcc]
[use.typekit.net/af/761912/00000000000000003b9acb2e/27/afdcc]
[use.typekit.net/af/fcab5b/00000000000000003b9acb26/27/l6129]
[use.typekit.net/af/fcab5b/00000000000000003b9acb26/27/d6129]
[use.typekit.net/af/fcab5b/00000000000000003b9acb26/27/a6129]
[use.typekit.net/af/6c2b50/00000000000000003b9acb27/27/l885e]
[use.typekit.net/af/6c2b50/00000000000000003b9acb27/27/d885e]
[use.typekit.net/af/6c2b50/00000000000000003b9acb27/27/a885e]
[use.typekit.net/af/643dce/00000000000000003b9acb37/27/lc150]
[use.typekit.net/af/643dce/00000000000000003b9acb37/27/dc150]
[use.typekit.net/af/643dce/00000000000000003b9acb37/27/ac150]
[use.typekit.net/af/1a2ac4/00000000000000003b9acb38/27/lca71]
[use.typekit.net/af/1a2ac4/00000000000000003b9acb38/27/dca71]
[use.typekit.net/ghc8hdz.css]
[engineering.purdue.edu/online/sites/default/files/css/css_gPAXLOZyaziCPKm-2qbRzhNf7IcslnGbAzVlE9LgfXA.css]
[use.typekit.net/af/1a2ac4/00000000000000003b9acb38/27/aca71]
[engineering.purdue.edu/online/programs/masters-degrees/engineering-education.html]
[engineering.purdue.edu/online/programs/masters-degrees/engineering-education/ene-sample-plan-of-study.html]
[engineering.purdue.edu/online/sites/default/files/images/2022 USNWR/ONL_PurdueUniv--WestLafayette-GradENG_BOP-GRAD-ENG-Inds-2022.png]
[engineering.purdue.edu/online/programs/masters-degrees/industrial-engineering.html]
[engineering.purdue.edu/online/programs/masters-degrees/interdisciplinary-engineering/industrial-engineering.html]
[engineering.purdue.edu/online/sites/default/files/images/IDE/272616705_4523537517774233_7833004678172280296_n.jpg]
[engineering.purdue.edu/online/sites/default/files/google_tag/ibj/google_tag.data_layer6a9b.js]
[engineering.purdue.edu/online/sites/default/files/google_tag/ibj/google_tag.script6a9b.js]
[engineering.purdue.edu/online/sites/default/files/google_tag/ide/google_tag.script6a9b.js]
[engineering.purdue.edu/online/programs/masters-degrees/interdisciplinary-engineering/aeronautics-and-astronautics-engineering.html]
[engineering.purdue.edu/online/programs/masters-degrees/interdisciplinary-engineering/biomedical-engineering.html]
[engineering.purdue.edu/online/programs/masters-degrees/interdisciplinary-engineering/computational-engineering.html]
[engineering.purdue.edu/online/programs/masters-degrees/interdisciplinary-engineering/engineering-management-leadership.html]
[engineering.purdue.edu/online/programs/masters-degrees/interdisciplinary-engineering/electrical-and-computer-engineering.html]
[engineering.purdue.edu/online/programs/masters-degrees/interdisciplinary-engineering/integrated-vehicle-systems-engineering.html]
[engineering.purdue.edu/online/programs/masters-degrees/interdisciplinary-engineering/nuclear-engineering.html]
[engineering.purdue.edu/online/programs/masters-degrees/interdisciplinary-engineering/materials-engineering.html]
[engineering.purdue.edu/online/programs/masters-degrees/interdisciplinary-engineering/mechanical-engineering.html]
[engineering.purdue.edu/online/programs/masters-degrees/interdisciplinary-engineering/quality-engineering.html]
[engineering.purdue.edu/online/programs/masters-degrees/interdisciplinary-engineering/systems-engineering.html]
[engineering.purdue.edu/online/programs/masters-degrees/interdisciplinary-engineering/aaen-worksheet.html]
[engineering.purdue.edu/online/programs/masters-degrees/interdisciplinary-engineering/cmen-worksheet.html]
[engineering.purdue.edu/online/programs/masters-degrees/interdisciplinary-engineering/ecen-worksheet.html]
[engineering.purdue.edu/online/programs/masters-degrees/interdisciplinary-engineering/intv-worksheet.html]
[engineering.purdue.edu/online/programs/masters-degrees/interdisciplinary-engineering/mech-worksheet.html]
[engineering.purdue.edu/online/programs/masters-degrees/interdisciplinary-engineering.html]
[engineering.purdue.edu/online/programs/masters-degrees/interdisciplinary-engineering/mne-worksheet.html]
[engineering.purdue.edu/online/programs/masters-degrees/semiconductors.html]
[engineering.purdue.edu/online/programs/masters-degrees/semiconductors/curriculum.html]
[engineering.purdue.edu/online/programs/masters-degrees/nuclear-engineering.html]
[engineering.purdue.edu/online/programs/masters-degrees/dual-degree-mse-mba.html]
[engineering.purdue.edu/online/programs/masters-degrees/aeronautics-astronautics/aae-sample-plan-of-study.html]
[qa.apps.online.purdue.edu/scripts/utmpassing_eng.html]
[assets.adobedtm.com/175f7caa2b90/4904efd5fe20/launch-a8875c4dc32d.min.js]
[www.purdue.edu/purdue/fonts/united-sans/UnitedSansRgLt.html]
[www.purdue.edu/purdue/fonts/united-sans/UnitedSansRgMd.html]
[www.purdue.edu/purdue/fonts/united-sans/UnitedSansRgBd.html]
[www.purdue.edu/purdue/fonts/united-sans/UnitedSansRgHv.html]
[www.purdue.edu/purdue/fonts/united-sans/UnitedSansCdLt.html]
[www.purdue.edu/purdue/fonts/united-sans/UnitedSansCdMd.html]
[www.purdue.edu/purdue/fonts/united-sans/UnitedSansCdBd.html]
[www.purdue.edu/purdue/fonts/united-sans/UnitedSansCdHv.html]
[www.purdue.edu/purdue/fonts/united-sans/UnitedSansExLt.html]
[www.purdue.edu/purdue/fonts/united-sans/UnitedSansExMd.html]
[www.purdue.edu/purdue/fonts/united-sans/UnitedSansExBd.html]
[www.purdue.edu/purdue/fonts/united-sans/UnitedSansExHv.html]
[p.typekit.net/p91d6.css]
[engineering.purdue.edu/online/programs/masters-degrees/engineering-education/ene-sample-plan-of-study.html]
[engineering.purdue.edu/online/programs/masters-degrees/interdisciplinary-engineering/industrial-engineering.html]
[www.googletagmanager.com/gtm5445.html]
[engineering.purdue.edu/online/programs/masters-degrees/interdisciplinary-engineering/aeronautics-and-astronautics-engineering.html]
[engineering.purdue.edu/online/programs/masters-degrees/interdisciplinary-engineering/biomedical-engineering.html]
[engineering.purdue.edu/online/programs/masters-degrees/interdisciplinary-engineering/computational-engineering.html]
[engineering.purdue.edu/online/programs/masters-degrees/interdisciplinary-engineering/engineering-management-leadership.html]
[engineering.purdue.edu/online/programs/masters-degrees/interdisciplinary-engineering/electrical-and-computer-engineering.html]
[engineering.purdue.edu/online/programs/masters-degrees/interdisciplinary-engineering/integrated-vehicle-systems-engineering.html]
[engineering.purdue.edu/online/programs/masters-degrees/interdisciplinary-engineering/nuclear-engineering.html]
[engineering.purdue.edu/online/programs/masters-degrees/interdisciplinary-engineering/materials-engineering.html]
[engineering.purdue.edu/online/programs/masters-degrees/interdisciplinary-engineering/mechanical-engineering.html]
[engineering.purdue.edu/online/programs/masters-degrees/interdisciplinary-engineering/quality-engineering.html]
[engineering.purdue.edu/online/programs/masters-degrees/interdisciplinary-engineering/systems-engineering.html]
[engineering.purdue.edu/online/programs/masters-degrees/interdisciplinary-engineering/aaen-worksheet.html]
[engineering.purdue.edu/online/programs/masters-degrees/interdisciplinary-engineering/cmen-worksheet.html]
